c:\users\nehku\documents\college stuff\intro to game programming\hw4\nyucodebase\nyucodebase\debug\vc141.pdb
c:\users\nehku\documents\college stuff\intro to game programming\hw4\nyucodebase\nyucodebase\debug\vc141.idb
c:\users\nehku\documents\college stuff\intro to game programming\hw4\nyucodebase\nyucodebase\debug\shaderprogram.obj
c:\users\nehku\documents\college stuff\intro to game programming\hw4\nyucodebase\nyucodebase\debug\main.obj
c:\users\nehku\documents\hw4\nyucodebase\nyucodebase\debug\vc141.pdb
c:\users\nehku\documents\hw4\nyucodebase\nyucodebase\debug\vc141.idb
c:\users\nehku\documents\hw4\nyucodebase\nyucodebase\debug\shaderprogram.obj
c:\users\nehku\documents\hw4\nyucodebase\nyucodebase\debug\main.obj
c:\users\nehku\documents\college stuff\intro to game programming\hw4\nyucodebase\debug\nyucodebase.exe
c:\users\nehku\documents\college stuff\intro to game programming\hw4\nyucodebase\debug\nyucodebase.ilk
c:\users\nehku\documents\college stuff\intro to game programming\hw4\nyucodebase\debug\nyucodebase.pdb
c:\users\nehku\documents\hw4\nyucodebase\debug\nyucodebase.exe
c:\users\nehku\documents\hw4\nyucodebase\debug\nyucodebase.ilk
c:\users\nehku\documents\hw4\nyucodebase\debug\nyucodebase.pdb
c:\users\nehku\documents\hw4\nyucodebase\nyucodebase\debug\nyucodebase.tlog\cl.command.1.tlog
c:\users\nehku\documents\hw4\nyucodebase\nyucodebase\debug\nyucodebase.tlog\cl.read.1.tlog
c:\users\nehku\documents\hw4\nyucodebase\nyucodebase\debug\nyucodebase.tlog\cl.write.1.tlog
c:\users\nehku\documents\hw4\nyucodebase\nyucodebase\debug\nyucodebase.tlog\link.command.1.tlog
c:\users\nehku\documents\hw4\nyucodebase\nyucodebase\debug\nyucodebase.tlog\link.read.1.tlog
c:\users\nehku\documents\hw4\nyucodebase\nyucodebase\debug\nyucodebase.tlog\link.write.1.tlog
